# JRE version: Java(TM) SE Runtime Environment (7.0_67-b01) (build 1.7.0_67-b01)
# Java VM: Java HotSpot(TM) 64-Bit Server VM (24.65-b04 mixed mode windows-amd64 compressed oops)
Heap
 PSYoungGen      total 38400K, used 3885K [0x00000007d5c80000, 0x00000007d8700000, 0x0000000800000000)
  eden space 33280K, 11% used [0x00000007d5c80000,0x00000007d604b458,0x00000007d7d00000)
  from space 5120K, 0% used [0x00000007d7d00000,0x00000007d7d00000,0x00000007d8200000)
  to   space 5120K, 0% used [0x00000007d8200000,0x00000007d8200000,0x00000007d8700000)
 ParOldGen       total 85504K, used 15079K [0x0000000781600000, 0x0000000786980000, 0x00000007d5c80000)
  object space 85504K, 17% used [0x0000000781600000,0x00000007824b9dd0,0x0000000786980000)
 PSPermGen       total 30720K, used 15176K [0x000000077c400000, 0x000000077e200000, 0x0000000781600000)
  object space 30720K, 49% used [0x000000077c400000,0x000000077d2d2060,0x000000077e200000)
GC Heap History (8 events):
Event: 16.556 GC heap before
{Heap before GC invocations=1 (full 0):
 PSYoungGen      total 38400K, used 28617K [0x00000007d5c80000, 0x00000007d8700000, 0x0000000800000000)
  eden space 33280K, 85% used [0x00000007d5c80000,0x00000007d7872408,0x00000007d7d00000)
  from space 5120K, 0% used [0x00000007d8200000,0x00000007d8200000,0x00000007d8700000)
  to   space 5120K, 0% used [0x00000007d7d00000,0x00000007d7d00000,0x00000007d8200000)
 ParOldGen       total 86016K, used 0K [0x0000000781600000, 0x0000000786a00000, 0x00000007d5c80000)
  object space 86016K, 0% used [0x0000000781600000,0x0000000781600000,0x0000000786a00000)
 PSPermGen       total 21504K, used 13412K [0x000000077c400000, 0x000000077d900000, 0x0000000781600000)
  object space 21504K, 62% used [0x000000077c400000,0x000000077d119118,0x000000077d900000)
Event: 16.577 GC heap after
Heap after GC invocations=1 (full 0):
 PSYoungGen      total 38400K, used 4883K [0x00000007d5c80000, 0x00000007d8700000, 0x0000000800000000)
  eden space 33280K, 0% used [0x00000007d5c80000,0x00000007d5c80000,0x00000007d7d00000)
  from space 5120K, 95% used [0x00000007d7d00000,0x00000007d81c4de0,0x00000007d8200000)
  to   space 5120K, 0% used [0x00000007d8200000,0x00000007d8200000,0x00000007d8700000)
 ParOldGen       total 86016K, used 28095K [0x0000000781600000, 0x0000000786a00000, 0x00000007d5c80000)
  object space 86016K, 32% used [0x0000000781600000,0x000000078316fe28,0x0000000786a00000)
 PSPermGen       total 21504K, used 13412K [0x000000077c400000, 0x000000077d900000, 0x0000000781600000)
  object space 21504K, 62% used [0x000000077c400000,0x000000077d119118,0x000000077d900000)
}
Event: 35.648 GC heap before
{Heap before GC invocations=2 (full 0):
 PSYoungGen      total 38400K, used 38163K [0x00000007d5c80000, 0x00000007d8700000, 0x0000000800000000)
  eden space 33280K, 100% used [0x00000007d5c80000,0x00000007d7d00000,0x00000007d7d00000)
  from space 5120K, 95% used [0x00000007d7d00000,0x00000007d81c4de0,0x00000007d8200000)
  to   space 5120K, 0% used [0x00000007d8200000,0x00000007d8200000,0x00000007d8700000)
 ParOldGen       total 86016K, used 28095K [0x0000000781600000, 0x0000000786a00000, 0x00000007d5c80000)
  object space 86016K, 32% used [0x0000000781600000,0x000000078316fe28,0x0000000786a00000)
 PSPermGen       total 21504K, used 14829K [0x000000077c400000, 0x000000077d900000, 0x0000000781600000)
  object space 21504K, 68% used [0x000000077c400000,0x000000077d27b598,0x000000077d900000)
Event: 35.660 GC heap after
Heap after GC invocations=2 (full 0):
 PSYoungGen      total 38400K, used 4728K [0x00000007d5c80000, 0x00000007d8700000, 0x0000000800000000)
  eden space 33280K, 0% used [0x00000007d5c80000,0x00000007d5c80000,0x00000007d7d00000)
  from space 5120K, 92% used [0x00000007d8200000,0x00000007d869e2d0,0x00000007d8700000)
  to   space 5120K, 0% used [0x00000007d7d00000,0x00000007d7d00000,0x00000007d8200000)
 ParOldGen       total 86016K, used 51756K [0x0000000781600000, 0x0000000786a00000, 0x00000007d5c80000)
  object space 86016K, 60% used [0x0000000781600000,0x000000078488b2f0,0x0000000786a00000)
 PSPermGen       total 21504K, used 14829K [0x000000077c400000, 0x000000077d900000, 0x0000000781600000)
  object space 21504K, 68% used [0x000000077c400000,0x000000077d27b598,0x000000077d900000)
}
Event: 84.962 GC heap before
{Heap before GC invocations=3 (full 0):
 PSYoungGen      total 38400K, used 38008K [0x00000007d5c80000, 0x00000007d8700000, 0x0000000800000000)
  eden space 33280K, 100% used [0x00000007d5c80000,0x00000007d7d00000,0x00000007d7d00000)
  from space 5120K, 92% used [0x00000007d8200000,0x00000007d869e2d0,0x00000007d8700000)
  to   space 5120K, 0% used [0x00000007d7d00000,0x00000007d7d00000,0x00000007d8200000)
 ParOldGen       total 86016K, used 51756K [0x0000000781600000, 0x0000000786a00000, 0x00000007d5c80000)
  object space 86016K, 60% used [0x0000000781600000,0x000000078488b2f0,0x0000000786a00000)
 PSPermGen       total 21504K, used 15180K [0x000000077c400000, 0x000000077d900000, 0x0000000781600000)
  object space 21504K, 70% used [0x000000077c400000,0x000000077d2d3150,0x000000077d900000)
Event: 84.971 GC heap after
Heap after GC invocations=3 (full 0):
 PSYoungGen      total 38400K, used 5119K [0x00000007d5c80000, 0x00000007d8700000, 0x0000000800000000)
  eden space 33280K, 0% used [0x00000007d5c80000,0x00000007d5c80000,0x00000007d7d00000)
  from space 5120K, 99% used [0x00000007d7d00000,0x00000007d81fff90,0x00000007d8200000)
  to   space 5120K, 0% used [0x00000007d8200000,0x00000007d8200000,0x00000007d8700000)
 ParOldGen       total 86016K, used 51911K [0x0000000781600000, 0x0000000786a00000, 0x00000007d5c80000)
  object space 86016K, 60% used [0x0000000781600000,0x00000007848b1ee0,0x0000000786a00000)
 PSPermGen       total 21504K, used 15180K [0x000000077c400000, 0x000000077d900000, 0x0000000781600000)
  object space 21504K, 70% used [0x000000077c400000,0x000000077d2d3150,0x000000077d900000)
}
Event: 84.971 GC heap before
{Heap before GC invocations=4 (full 1):
 PSYoungGen      total 38400K, used 5119K [0x00000007d5c80000, 0x00000007d8700000, 0x0000000800000000)
  eden space 33280K, 0% used [0x00000007d5c80000,0x00000007d5c80000,0x00000007d7d00000)
  from space 5120K, 99% used [0x00000007d7d00000,0x00000007d81fff90,0x00000007d8200000)
  to   space 5120K, 0% used [0x00000007d8200000,0x00000007d8200000,0x00000007d8700000)
 ParOldGen       total 86016K, used 51911K [0x0000000781600000, 0x0000000786a00000, 0x00000007d5c80000)
  object space 86016K, 60% used [0x0000000781600000,0x00000007848b1ee0,0x0000000786a00000)
 PSPermGen       total 21504K, used 15180K [0x000000077c400000, 0x000000077d900000, 0x0000000781600000)
  object space 21504K, 70% used [0x000000077c400000,0x000000077d2d3150,0x000000077d900000)
Event: 85.030 GC heap after
Heap after GC invocations=4 (full 1):
 PSYoungGen      total 38400K, used 0K [0x00000007d5c80000, 0x00000007d8700000, 0x0000000800000000)
  eden space 33280K, 0% used [0x00000007d5c80000,0x00000007d5c80000,0x00000007d7d00000)
  from space 5120K, 0% used [0x00000007d7d00000,0x00000007d7d00000,0x00000007d8200000)
  to   space 5120K, 0% used [0x00000007d8200000,0x00000007d8200000,0x00000007d8700000)
 ParOldGen       total 85504K, used 15079K [0x0000000781600000, 0x0000000786980000, 0x00000007d5c80000)
  object space 85504K, 17% used [0x0000000781600000,0x00000007824b9dd0,0x0000000786980000)
 PSPermGen       total 30720K, used 15173K [0x000000077c400000, 0x000000077e200000, 0x0000000781600000)
  object space 30720K, 49% used [0x000000077c400000,0x000000077d2d1740,0x000000077e200000)
}

