# JRE version: Java(TM) SE Runtime Environment (7.0_67-b01) (build 1.7.0_67-b01)
# Java VM: Java HotSpot(TM) 64-Bit Server VM (24.65-b04 mixed mode windows-amd64 compressed oops)
Heap
 PSYoungGen      total 38400K, used 6514K [0x00000007d5c80000, 0x00000007d8700000, 0x0000000800000000)
  eden space 33280K, 4% used [0x00000007d5c80000,0x00000007d5de3ad0,0x00000007d7d00000)
  from space 5120K, 99% used [0x00000007d8200000,0x00000007d86f9100,0x00000007d8700000)
  to   space 5120K, 0% used [0x00000007d7d00000,0x00000007d7d00000,0x00000007d8200000)
 ParOldGen       total 86016K, used 30560K [0x0000000781600000, 0x0000000786a00000, 0x00000007d5c80000)
  object space 86016K, 35% used [0x0000000781600000,0x00000007833d81d8,0x0000000786a00000)
 PSPermGen       total 21504K, used 14925K [0x000000077c400000, 0x000000077d900000, 0x0000000781600000)
  object space 21504K, 69% used [0x000000077c400000,0x000000077d293590,0x000000077d900000)
GC Heap History (4 events):
Event: 1.877 GC heap before
{Heap before GC invocations=1 (full 0):
 PSYoungGen      total 38400K, used 33280K [0x00000007d5c80000, 0x00000007d8700000, 0x0000000800000000)
  eden space 33280K, 100% used [0x00000007d5c80000,0x00000007d7d00000,0x00000007d7d00000)
  from space 5120K, 0% used [0x00000007d8200000,0x00000007d8200000,0x00000007d8700000)
  to   space 5120K, 0% used [0x00000007d7d00000,0x00000007d7d00000,0x00000007d8200000)
 ParOldGen       total 86016K, used 0K [0x0000000781600000, 0x0000000786a00000, 0x00000007d5c80000)
  object space 86016K, 0% used [0x0000000781600000,0x0000000781600000,0x0000000786a00000)
 PSPermGen       total 21504K, used 13918K [0x000000077c400000, 0x000000077d900000, 0x0000000781600000)
  object space 21504K, 64% used [0x000000077c400000,0x000000077d197ba0,0x000000077d900000)
Event: 1.886 GC heap after
Heap after GC invocations=1 (full 0):
 PSYoungGen      total 38400K, used 5108K [0x00000007d5c80000, 0x00000007d8700000, 0x0000000800000000)
  eden space 33280K, 0% used [0x00000007d5c80000,0x00000007d5c80000,0x00000007d7d00000)
  from space 5120K, 99% used [0x00000007d7d00000,0x00000007d81fd110,0x00000007d8200000)
  to   space 5120K, 0% used [0x00000007d8200000,0x00000007d8200000,0x00000007d8700000)
 ParOldGen       total 86016K, used 28787K [0x0000000781600000, 0x0000000786a00000, 0x00000007d5c80000)
  object space 86016K, 33% used [0x0000000781600000,0x000000078321cca8,0x0000000786a00000)
 PSPermGen       total 21504K, used 13918K [0x000000077c400000, 0x000000077d900000, 0x0000000781600000)
  object space 21504K, 64% used [0x000000077c400000,0x000000077d197ba0,0x000000077d900000)
}
Event: 11.667 GC heap before
{Heap before GC invocations=2 (full 0):
 PSYoungGen      total 38400K, used 38388K [0x00000007d5c80000, 0x00000007d8700000, 0x0000000800000000)
  eden space 33280K, 100% used [0x00000007d5c80000,0x00000007d7d00000,0x00000007d7d00000)
  from space 5120K, 99% used [0x00000007d7d00000,0x00000007d81fd110,0x00000007d8200000)
  to   space 5120K, 0% used [0x00000007d8200000,0x00000007d8200000,0x00000007d8700000)
 ParOldGen       total 86016K, used 28787K [0x0000000781600000, 0x0000000786a00000, 0x00000007d5c80000)
  object space 86016K, 33% used [0x0000000781600000,0x000000078321cca8,0x0000000786a00000)
 PSPermGen       total 21504K, used 14868K [0x000000077c400000, 0x000000077d900000, 0x0000000781600000)
  object space 21504K, 69% used [0x000000077c400000,0x000000077d285370,0x000000077d900000)
Event: 11.672 GC heap after
Heap after GC invocations=2 (full 0):
 PSYoungGen      total 38400K, used 5092K [0x00000007d5c80000, 0x00000007d8700000, 0x0000000800000000)
  eden space 33280K, 0% used [0x00000007d5c80000,0x00000007d5c80000,0x00000007d7d00000)
  from space 5120K, 99% used [0x00000007d8200000,0x00000007d86f9100,0x00000007d8700000)
  to   space 5120K, 0% used [0x00000007d7d00000,0x00000007d7d00000,0x00000007d8200000)
 ParOldGen       total 86016K, used 30560K [0x0000000781600000, 0x0000000786a00000, 0x00000007d5c80000)
  object space 86016K, 35% used [0x0000000781600000,0x00000007833d81d8,0x0000000786a00000)
 PSPermGen       total 21504K, used 14868K [0x000000077c400000, 0x000000077d900000, 0x0000000781600000)
  object space 21504K, 69% used [0x000000077c400000,0x000000077d285370,0x000000077d900000)
}

