# JRE version: Java(TM) SE Runtime Environment (7.0_67-b01) (build 1.7.0_67-b01)
# Java VM: Java HotSpot(TM) 64-Bit Server VM (24.65-b04 mixed mode windows-amd64 compressed oops)
Heap
 PSYoungGen      total 38400K, used 12994K [0x00000007d5c80000, 0x00000007d8700000, 0x0000000800000000)
  eden space 33280K, 23% used [0x00000007d5c80000,0x00000007d64321b8,0x00000007d7d00000)
  from space 5120K, 99% used [0x00000007d8200000,0x00000007d86fe738,0x00000007d8700000)
  to   space 5120K, 0% used [0x00000007d7d00000,0x00000007d7d00000,0x00000007d8200000)
 ParOldGen       total 83456K, used 19141K [0x0000000781600000, 0x0000000786780000, 0x00000007d5c80000)
  object space 83456K, 22% used [0x0000000781600000,0x00000007828b17a0,0x0000000786780000)
 PSPermGen       total 30720K, used 15405K [0x000000077c400000, 0x000000077e200000, 0x0000000781600000)
  object space 30720K, 50% used [0x000000077c400000,0x000000077d30b740,0x000000077e200000)
GC Heap History (10 events):
Event: 3.158 GC heap before
{Heap before GC invocations=1 (full 0):
 PSYoungGen      total 38400K, used 33280K [0x00000007d5c80000, 0x00000007d8700000, 0x0000000800000000)
  eden space 33280K, 100% used [0x00000007d5c80000,0x00000007d7d00000,0x00000007d7d00000)
  from space 5120K, 0% used [0x00000007d8200000,0x00000007d8200000,0x00000007d8700000)
  to   space 5120K, 0% used [0x00000007d7d00000,0x00000007d7d00000,0x00000007d8200000)
 ParOldGen       total 86016K, used 0K [0x0000000781600000, 0x0000000786a00000, 0x00000007d5c80000)
  object space 86016K, 0% used [0x0000000781600000,0x0000000781600000,0x0000000786a00000)
 PSPermGen       total 21504K, used 13955K [0x000000077c400000, 0x000000077d900000, 0x0000000781600000)
  object space 21504K, 64% used [0x000000077c400000,0x000000077d1a0e90,0x000000077d900000)
Event: 3.169 GC heap after
Heap after GC invocations=1 (full 0):
 PSYoungGen      total 38400K, used 4191K [0x00000007d5c80000, 0x00000007d8700000, 0x0000000800000000)
  eden space 33280K, 0% used [0x00000007d5c80000,0x00000007d5c80000,0x00000007d7d00000)
  from space 5120K, 81% used [0x00000007d7d00000,0x00000007d8117c20,0x00000007d8200000)
  to   space 5120K, 0% used [0x00000007d8200000,0x00000007d8200000,0x00000007d8700000)
 ParOldGen       total 86016K, used 22741K [0x0000000781600000, 0x0000000786a00000, 0x00000007d5c80000)
  object space 86016K, 26% used [0x0000000781600000,0x0000000782c35430,0x0000000786a00000)
 PSPermGen       total 21504K, used 13955K [0x000000077c400000, 0x000000077d900000, 0x0000000781600000)
  object space 21504K, 64% used [0x000000077c400000,0x000000077d1a0e90,0x000000077d900000)
}
Event: 61.270 GC heap before
{Heap before GC invocations=2 (full 0):
 PSYoungGen      total 38400K, used 37471K [0x00000007d5c80000, 0x00000007d8700000, 0x0000000800000000)
  eden space 33280K, 100% used [0x00000007d5c80000,0x00000007d7d00000,0x00000007d7d00000)
  from space 5120K, 81% used [0x00000007d7d00000,0x00000007d8117c20,0x00000007d8200000)
  to   space 5120K, 0% used [0x00000007d8200000,0x00000007d8200000,0x00000007d8700000)
 ParOldGen       total 86016K, used 22741K [0x0000000781600000, 0x0000000786a00000, 0x00000007d5c80000)
  object space 86016K, 26% used [0x0000000781600000,0x0000000782c35430,0x0000000786a00000)
 PSPermGen       total 21504K, used 14407K [0x000000077c400000, 0x000000077d900000, 0x0000000781600000)
  object space 21504K, 66% used [0x000000077c400000,0x000000077d211e00,0x000000077d900000)
Event: 61.284 GC heap after
Heap after GC invocations=2 (full 0):
 PSYoungGen      total 38400K, used 5108K [0x00000007d5c80000, 0x00000007d8700000, 0x0000000800000000)
  eden space 33280K, 0% used [0x00000007d5c80000,0x00000007d5c80000,0x00000007d7d00000)
  from space 5120K, 99% used [0x00000007d8200000,0x00000007d86fd0f0,0x00000007d8700000)
  to   space 5120K, 0% used [0x00000007d7d00000,0x00000007d7d00000,0x00000007d8200000)
 ParOldGen       total 86016K, used 52589K [0x0000000781600000, 0x0000000786a00000, 0x00000007d5c80000)
  object space 86016K, 61% used [0x0000000781600000,0x000000078495b6a8,0x0000000786a00000)
 PSPermGen       total 21504K, used 14407K [0x000000077c400000, 0x000000077d900000, 0x0000000781600000)
  object space 21504K, 66% used [0x000000077c400000,0x000000077d211e00,0x000000077d900000)
}
Event: 191.472 GC heap before
{Heap before GC invocations=3 (full 0):
 PSYoungGen      total 38400K, used 38388K [0x00000007d5c80000, 0x00000007d8700000, 0x0000000800000000)
  eden space 33280K, 100% used [0x00000007d5c80000,0x00000007d7d00000,0x00000007d7d00000)
  from space 5120K, 99% used [0x00000007d8200000,0x00000007d86fd0f0,0x00000007d8700000)
  to   space 5120K, 0% used [0x00000007d7d00000,0x00000007d7d00000,0x00000007d8200000)
 ParOldGen       total 86016K, used 52589K [0x0000000781600000, 0x0000000786a00000, 0x00000007d5c80000)
  object space 86016K, 61% used [0x0000000781600000,0x000000078495b6a8,0x0000000786a00000)
 PSPermGen       total 21504K, used 15302K [0x000000077c400000, 0x000000077d900000, 0x0000000781600000)
  object space 21504K, 71% used [0x000000077c400000,0x000000077d2f1b70,0x000000077d900000)
Event: 191.478 GC heap after
Heap after GC invocations=3 (full 0):
 PSYoungGen      total 38400K, used 5108K [0x00000007d5c80000, 0x00000007d8700000, 0x0000000800000000)
  eden space 33280K, 0% used [0x00000007d5c80000,0x00000007d5c80000,0x00000007d7d00000)
  from space 5120K, 99% used [0x00000007d7d00000,0x00000007d81fd110,0x00000007d8200000)
  to   space 5120K, 0% used [0x00000007d8200000,0x00000007d8200000,0x00000007d8700000)
 ParOldGen       total 86016K, used 62157K [0x0000000781600000, 0x0000000786a00000, 0x00000007d5c80000)
  object space 86016K, 72% used [0x0000000781600000,0x00000007852b3418,0x0000000786a00000)
 PSPermGen       total 21504K, used 15302K [0x000000077c400000, 0x000000077d900000, 0x0000000781600000)
  object space 21504K, 71% used [0x000000077c400000,0x000000077d2f1b70,0x000000077d900000)
}
Event: 191.478 GC heap before
{Heap before GC invocations=4 (full 1):
 PSYoungGen      total 38400K, used 5108K [0x00000007d5c80000, 0x00000007d8700000, 0x0000000800000000)
  eden space 33280K, 0% used [0x00000007d5c80000,0x00000007d5c80000,0x00000007d7d00000)
  from space 5120K, 99% used [0x00000007d7d00000,0x00000007d81fd110,0x00000007d8200000)
  to   space 5120K, 0% used [0x00000007d8200000,0x00000007d8200000,0x00000007d8700000)
 ParOldGen       total 86016K, used 62157K [0x0000000781600000, 0x0000000786a00000, 0x00000007d5c80000)
  object space 86016K, 72% used [0x0000000781600000,0x00000007852b3418,0x0000000786a00000)
 PSPermGen       total 21504K, used 15302K [0x000000077c400000, 0x000000077d900000, 0x0000000781600000)
  object space 21504K, 71% used [0x000000077c400000,0x000000077d2f1b70,0x000000077d900000)
Event: 191.527 GC heap after
Heap after GC invocations=4 (full 1):
 PSYoungGen      total 38400K, used 0K [0x00000007d5c80000, 0x00000007d8700000, 0x0000000800000000)
  eden space 33280K, 0% used [0x00000007d5c80000,0x00000007d5c80000,0x00000007d7d00000)
  from space 5120K, 0% used [0x00000007d7d00000,0x00000007d7d00000,0x00000007d8200000)
  to   space 5120K, 0% used [0x00000007d8200000,0x00000007d8200000,0x00000007d8700000)
 ParOldGen       total 83456K, used 14708K [0x0000000781600000, 0x0000000786780000, 0x00000007d5c80000)
  object space 83456K, 17% used [0x0000000781600000,0x000000078245d270,0x0000000786780000)
 PSPermGen       total 30720K, used 15296K [0x000000077c400000, 0x000000077e200000, 0x0000000781600000)
  object space 30720K, 49% used [0x000000077c400000,0x000000077d2f0200,0x000000077e200000)
}
Event: 284.243 GC heap before
{Heap before GC invocations=5 (full 1):
 PSYoungGen      total 38400K, used 33280K [0x00000007d5c80000, 0x00000007d8700000, 0x0000000800000000)
  eden space 33280K, 100% used [0x00000007d5c80000,0x00000007d7d00000,0x00000007d7d00000)
  from space 5120K, 0% used [0x00000007d7d00000,0x00000007d7d00000,0x00000007d8200000)
  to   space 5120K, 0% used [0x00000007d8200000,0x00000007d8200000,0x00000007d8700000)
 ParOldGen       total 83456K, used 14708K [0x0000000781600000, 0x0000000786780000, 0x00000007d5c80000)
  object space 83456K, 17% used [0x0000000781600000,0x000000078245d270,0x0000000786780000)
 PSPermGen       total 30720K, used 15397K [0x000000077c400000, 0x000000077e200000, 0x0000000781600000)
  object space 30720K, 50% used [0x000000077c400000,0x000000077d3097c0,0x000000077e200000)
Event: 284.247 GC heap after
Heap after GC invocations=5 (full 1):
 PSYoungGen      total 38400K, used 5113K [0x00000007d5c80000, 0x00000007d8700000, 0x0000000800000000)
  eden space 33280K, 0% used [0x00000007d5c80000,0x00000007d5c80000,0x00000007d7d00000)
  from space 5120K, 99% used [0x00000007d8200000,0x00000007d86fe738,0x00000007d8700000)
  to   space 5120K, 0% used [0x00000007d7d00000,0x00000007d7d00000,0x00000007d8200000)
 ParOldGen       total 83456K, used 19141K [0x0000000781600000, 0x0000000786780000, 0x00000007d5c80000)
  object space 83456K, 22% used [0x0000000781600000,0x00000007828b17a0,0x0000000786780000)
 PSPermGen       total 30720K, used 15397K [0x000000077c400000, 0x000000077e200000, 0x0000000781600000)
  object space 30720K, 50% used [0x000000077c400000,0x000000077d3097c0,0x000000077e200000)
}

