# JRE version: Java(TM) SE Runtime Environment (7.0_67-b01) (build 1.7.0_67-b01)
# Java VM: Java HotSpot(TM) 64-Bit Server VM (24.65-b04 mixed mode windows-amd64 compressed oops)
Heap
 PSYoungGen      total 38400K, used 12666K [0x00000007d5c80000, 0x00000007d8700000, 0x0000000800000000)
  eden space 33280K, 28% used [0x00000007d5c80000,0x00000007d65c2498,0x00000007d7d00000)
  from space 5120K, 62% used [0x00000007d8200000,0x00000007d851c750,0x00000007d8700000)
  to   space 5120K, 0% used [0x00000007d7d00000,0x00000007d7d00000,0x00000007d8200000)
 ParOldGen       total 86016K, used 23663K [0x0000000781600000, 0x0000000786a00000, 0x00000007d5c80000)
  object space 86016K, 27% used [0x0000000781600000,0x0000000782d1be30,0x0000000786a00000)
 PSPermGen       total 21504K, used 14654K [0x000000077c400000, 0x000000077d900000, 0x0000000781600000)
  object space 21504K, 68% used [0x000000077c400000,0x000000077d24f838,0x000000077d900000)
GC Heap History (4 events):
Event: 20.110 GC heap before
{Heap before GC invocations=1 (full 0):
 PSYoungGen      total 38400K, used 33280K [0x00000007d5c80000, 0x00000007d8700000, 0x0000000800000000)
  eden space 33280K, 100% used [0x00000007d5c80000,0x00000007d7d00000,0x00000007d7d00000)
  from space 5120K, 0% used [0x00000007d8200000,0x00000007d8200000,0x00000007d8700000)
  to   space 5120K, 0% used [0x00000007d7d00000,0x00000007d7d00000,0x00000007d8200000)
 ParOldGen       total 86016K, used 0K [0x0000000781600000, 0x0000000786a00000, 0x00000007d5c80000)
  object space 86016K, 0% used [0x0000000781600000,0x0000000781600000,0x0000000786a00000)
 PSPermGen       total 21504K, used 13799K [0x000000077c400000, 0x000000077d900000, 0x0000000781600000)
  object space 21504K, 64% used [0x000000077c400000,0x000000077d179f60,0x000000077d900000)
Event: 20.117 GC heap after
Heap after GC invocations=1 (full 0):
 PSYoungGen      total 38400K, used 2745K [0x00000007d5c80000, 0x00000007d8700000, 0x0000000800000000)
  eden space 33280K, 0% used [0x00000007d5c80000,0x00000007d5c80000,0x00000007d7d00000)
  from space 5120K, 53% used [0x00000007d7d00000,0x00000007d7fae7b0,0x00000007d8200000)
  to   space 5120K, 0% used [0x00000007d8200000,0x00000007d8200000,0x00000007d8700000)
 ParOldGen       total 86016K, used 23655K [0x0000000781600000, 0x0000000786a00000, 0x00000007d5c80000)
  object space 86016K, 27% used [0x0000000781600000,0x0000000782d19e30,0x0000000786a00000)
 PSPermGen       total 21504K, used 13799K [0x000000077c400000, 0x000000077d900000, 0x0000000781600000)
  object space 21504K, 64% used [0x000000077c400000,0x000000077d179f60,0x000000077d900000)
}
Event: 75.624 GC heap before
{Heap before GC invocations=2 (full 0):
 PSYoungGen      total 38400K, used 36025K [0x00000007d5c80000, 0x00000007d8700000, 0x0000000800000000)
  eden space 33280K, 100% used [0x00000007d5c80000,0x00000007d7d00000,0x00000007d7d00000)
  from space 5120K, 53% used [0x00000007d7d00000,0x00000007d7fae7b0,0x00000007d8200000)
  to   space 5120K, 0% used [0x00000007d8200000,0x00000007d8200000,0x00000007d8700000)
 ParOldGen       total 86016K, used 23655K [0x0000000781600000, 0x0000000786a00000, 0x00000007d5c80000)
  object space 86016K, 27% used [0x0000000781600000,0x0000000782d19e30,0x0000000786a00000)
 PSPermGen       total 21504K, used 14633K [0x000000077c400000, 0x000000077d900000, 0x0000000781600000)
  object space 21504K, 68% used [0x000000077c400000,0x000000077d24a680,0x000000077d900000)
Event: 75.628 GC heap after
Heap after GC invocations=2 (full 0):
 PSYoungGen      total 38400K, used 3185K [0x00000007d5c80000, 0x00000007d8700000, 0x0000000800000000)
  eden space 33280K, 0% used [0x00000007d5c80000,0x00000007d5c80000,0x00000007d7d00000)
  from space 5120K, 62% used [0x00000007d8200000,0x00000007d851c750,0x00000007d8700000)
  to   space 5120K, 0% used [0x00000007d7d00000,0x00000007d7d00000,0x00000007d8200000)
 ParOldGen       total 86016K, used 23663K [0x0000000781600000, 0x0000000786a00000, 0x00000007d5c80000)
  object space 86016K, 27% used [0x0000000781600000,0x0000000782d1be30,0x0000000786a00000)
 PSPermGen       total 21504K, used 14633K [0x000000077c400000, 0x000000077d900000, 0x0000000781600000)
  object space 21504K, 68% used [0x000000077c400000,0x000000077d24a680,0x000000077d900000)
}

